<?xml version="1.0" encoding="UTF-8"?>
<!-- Generated by org.testng.reporters.JUnitReportReporter -->
<testsuite hostname="HEU-PEDRO-PRADIITA" failures="0" tests="1" name="script.LoginTest" time="52.703" errors="0" timestamp="6 Nov 2021 11:47:11 GMT">
  <testcase classname="script.LoginTest" name="WaitingActivation" time="52.703"/>
</testsuite> <!-- script.LoginTest -->
