<?xml version="1.0" encoding="UTF-8"?>
<!-- Generated by org.testng.reporters.JUnitReportReporter -->
<testsuite hostname="HEU-PEDRO-PRADIITA" name="script.LoginDoctorTest" tests="7" failures="0" timestamp="7 Nov 2021 02:43:34 GMT" time="264.469" errors="0">
  <testcase name="LoginAlertSuspend" time="48.408" classname="script.LoginDoctorTest"/>
  <testcase name="LoginAlertMismatch" time="38.291" classname="script.LoginDoctorTest"/>
  <testcase name="LoginAlertUserInvalid" time="28.712" classname="script.LoginDoctorTest"/>
  <testcase name="LoginAlertInvalid" time="27.707" classname="script.LoginDoctorTest"/>
  <testcase name="ForgotPinTextLink" time="39.328" classname="script.LoginDoctorTest"/>
  <testcase name="WaitingActivation" time="39.075" classname="script.LoginDoctorTest"/>
  <testcase name="LoginAlertNull" time="42.948" classname="script.LoginDoctorTest"/>
</testsuite> <!-- script.LoginDoctorTest -->
